<?xml version="1.0" encoding="UTF-8"?>
<testsuite name="com.vsr.emailservice.EmailServiceVsrApplicationTests" tests="1" skipped="0" failures="0" errors="0" timestamp="2024-05-19T03:21:57" hostname="VENKATSAI" time="1.189">
  <properties/>
  <testcase name="contextLoads()" classname="com.vsr.emailservice.EmailServiceVsrApplicationTests" time="1.189"/>
  <system-out><![CDATA[23:21:53.458 [Test worker] INFO org.springframework.test.context.support.AnnotationConfigContextLoaderUtils -- Could not detect default configuration classes for test class [com.vsr.emailservice.EmailServiceVsrApplicationTests]: EmailServiceVsrApplicationTests does not declare any static, non-private, non-final, nested classes annotated with @Configuration.
23:21:53.573 [Test worker] INFO org.springframework.boot.test.context.SpringBootTestContextBootstrapper -- Found @SpringBootConfiguration com.vsr.emailservice.EmailServiceVsrApplication for test class com.vsr.emailservice.EmailServiceVsrApplicationTests

  .   ____          _            __ _ _
 /\\ / ___'_ __ _ _(_)_ __  __ _ \ \ \ \
( ( )\___ | '_ | '_| | '_ \/ _` | \ \ \ \
 \\/  ___)| |_)| | | | | || (_| |  ) ) ) )
  '  |____| .__|_| |_|_| |_\__, | / / / /
 =========|_|==============|___/=/_/_/_/
 :: Spring Boot ::                (v3.2.5)

2024-05-18T23:21:54.180-04:00  INFO 25144 --- [email-service-vsr] [    Test worker] c.v.e.EmailServiceVsrApplicationTests    : Starting EmailServiceVsrApplicationTests using Java 17.0.7 with PID 25144 (started by venka in D:\Clark\MyWork\EmailService\email-service-vsr)
2024-05-18T23:21:54.181-04:00  INFO 25144 --- [email-service-vsr] [    Test worker] c.v.e.EmailServiceVsrApplicationTests    : No active profile set, falling back to 1 default profile: "default"
2024-05-18T23:21:55.966-04:00  WARN 25144 --- [email-service-vsr] [    Test worker] ion$DefaultTemplateResolverConfiguration : Cannot find template location: classpath:/templates/ (please add some templates, check your Thymeleaf configuration, or set spring.thymeleaf.check-template-location=false)
2024-05-18T23:21:56.819-04:00  INFO 25144 --- [email-service-vsr] [    Test worker] o.s.b.a.e.web.EndpointLinksResolver      : Exposing 1 endpoint(s) beneath base path '/actuator'
2024-05-18T23:21:57.819-04:00  INFO 25144 --- [email-service-vsr] [    Test worker] c.v.e.EmailServiceVsrApplicationTests    : Started EmailServiceVsrApplicationTests in 3.993 seconds (process running for 5.876)
]]></system-out>
  <system-err><![CDATA[]]></system-err>
</testsuite>
